[2026-02-20 15:27:17] ==================================================
[2026-02-20 15:27:17] 네이버 블로그 동기화 시작
[2026-02-20 15:27:17] 기존 글: 92개
[2026-02-20 15:27:17] 네이버 블로그 글 목록 가져오는 중...
[2026-02-20 15:27:20] 네이버 전체 글: 0개
[2026-02-20 15:27:20] 새 글: 0개
[2026-02-20 15:27:20] 새 글 없음. 종료.
[2026-02-20 17:00:17] ==================================================
[2026-02-20 17:00:17] 네이버 블로그 동기화 시작
[2026-02-20 17:00:17] 기존 글: 92개
[2026-02-20 17:00:17] 네이버 블로그 글 목록 가져오는 중...
[2026-02-20 17:00:21] 네이버 전체 글: 0개
[2026-02-20 17:00:21] 새 글: 0개
[2026-02-20 17:00:21] 새 글 없음. 종료.
[2026-02-22 23:36:48] ==================================================
[2026-02-22 23:36:48] 네이버 블로그 동기화 시작
[2026-02-22 23:36:48] 기존 글: 92개
[2026-02-22 23:36:48] 네이버 블로그 글 목록 가져오는 중...
[2026-02-22 23:36:53] 네이버 전체 글: 0개
[2026-02-22 23:36:53] 새 글: 0개
[2026-02-22 23:36:53] 새 글 없음. 종료.
[2026-02-22 23:50:16] ==================================================
[2026-02-22 23:50:16] 네이버 블로그 동기화 시작
[2026-02-22 23:50:16] 기존 글: 92개
[2026-02-22 23:50:16] 네이버 블로그 글 목록 가져오는 중...
[2026-02-22 23:50:54] ==================================================
[2026-02-22 23:50:54] 네이버 블로그 동기화 시작
[2026-02-22 23:50:54] 기존 글: 92개
[2026-02-22 23:50:54] 네이버 블로그 글 목록 가져오는 중...
[2026-02-22 23:50:57] 네이버 전체 글: 0개
[2026-02-22 23:50:57] 새 글: 0개
[2026-02-22 23:50:57] 새 글 없음. 종료.
[2026-02-22 23:53:47] ==================================================
[2026-02-22 23:53:47] 네이버 블로그 동기화 시작
[2026-02-22 23:53:47] 기존 글: 92개
[2026-02-22 23:53:47] 네이버 블로그 글 목록 가져오는 중...
[2026-02-22 23:55:11] 네이버 전체 글: 24개
[2026-02-22 23:55:11] 새 글: 24개
[2026-02-22 23:55:11]   새 글: 딱딱한 거 씹다 치아가 깨졌다면? 꼭 확인해야 할 손상 범위 → tooth-3739
[2026-02-22 23:55:11]   새 글: 잇몸이 자주 붓는다면... 어떤 치약이 도움이 될까? → gum-toothpaste
[2026-02-22 23:55:11]   새 글: 인레이 오래 쓰려면 이렇게 관리하세요 — 생활수칙 & 양치 팁 → inlay-brushing-care
[2026-02-22 23:55:11]   새 글: 교정할 때 꼭 발치해야 할까? 발치 기준 이렇게 설명드립니다 → extraction-orthodontic
[2026-02-22 23:55:11]   새 글: 크라운 주변 잇몸이 붓는다면? 경계부 확인이 필요한 이유 → crown-gum-reason
[2026-02-22 23:55:11]   새 글: 크라운 씌우려면 꼭 신경치료 해야 할까요? 기준 정리

크라운 치료를 앞두고 이런 질문, 정말 자주 나옵니다. “크라운 하면 신경치료는 무조건 하는 거죠?” ?...

blog.naver.com → root-canal-crown-treatment
[2026-02-22 23:55:11]   새 글: 살릴까 뺄까? 신경치료와 발치, 어떤 기준으로 결정할까?

진료실에서 가장 무거운 질문 중 하나는 이거예요. “선생님... 이거 살릴 수 있나요?” 😰 “아니면 그...

blog.naver.com → root-canal-extraction-treatment
[2026-02-22 23:55:11]   새 글: Non-prep Veneer 코스 2일차 핵심정리 | Veneer Bonding & Setting Protocol → non-prep-veneer-코스-2일차-핵심정리-veneer-bonding-setting
[2026-02-22 23:55:11]   새 글: 보험 스케일링과 비급여 스케일링, 비용 차이는 얼마나 날까? → scaling-cost-insurance
[2026-02-22 23:55:11]   새 글: 스케일링만 하면 치아가 하얘질까? 치아미백과의 확실한 차이 → scaling-whitening-tooth
[2026-02-22 23:55:11]   새 글: 사랑니 주변 잇몸이 붓고 고름이 보인다면? 염증 신호일 수 있어요 → wisdom-tooth-gum-inflammation
[2026-02-22 23:55:11]   새 글: 올바른 양치법, 이것만 알아도 충치안생깁니다

안녕하세요. 서울대학교 치의학대학원 출신 윤원장입니다. 사실 저는 양치질을 대충합니다. 그럼에도 치아...

blog.naver.com → cavity-tooth-brushing
[2026-02-22 23:55:11]   새 글: 잇몸욱신, 그냥 두면 안됩니다.

안녕하세요, 서울대학교 치의학대학원 출신 윤원장입니다. "잠을 못잤더니 갑자기 잇몸이 욱신거리네....

blog.naver.com → gum
[2026-02-22 23:55:11]   새 글: 인레이, 가격은 어느 정도일까? 재료별 & 병원별 비교

충치 치료를 앞두고 이런 생각 한 번쯤 해보셨을 거예요 😅 “인레이 한다고 했는데... 대체 얼마나 나오...

blog.naver.com → inlay-cavity-price
[2026-02-22 23:55:11]   새 글: 인레이 후 시린 느낌, 이상한가요? 통증과 민감도의 정상 범위

인레이 치료를 끝내고 나오셨는데 집에 가서 물 한 모금 마시는 순간 “어... 왜 이렇게 시리지?” 🥶?...

blog.naver.com → inlay-pain-treatment
[2026-02-22 23:55:11]   새 글: 토끼앞니, 계속 가지고 사실거면 읽지 마세요.

안녕하세요. 서울대학교 치의학대학원 출신 윤원장입니다. 이 글을 누르신 분들은 아마도 토끼앞니를 가지...

blog.naver.com → front-teeth-1839
[2026-02-22 23:55:11]   새 글: 크라운은 얼마나 사용할 수 있을까? 평균 수명과 오래 쓰는 요령

크라운 치료를 하고 나면 이런 질문을 꼭 듣게 됩니다 🙂 “이거... 몇 년이나 쓸 수 있나요?” “평생 ...

blog.naver.com → crown-lifespan-treatment
[2026-02-22 23:55:11]   새 글: 사랑니 발치 후 회복 빠르게 하려면? 생활습관이 중요합니다 → wisdom-tooth-extraction-recovery
[2026-02-22 23:55:11]   새 글: 사랑니 뺀 뒤 피가 오래 난다면? 확인해야 할 포인트 → wisdom-tooth-6688
[2026-02-22 23:55:11]   새 글: 사랑니 통증이 갑자기 심해진 이유, 이걸 확인해보셔야 합니다

요 며칠 동안 평소랑 다르게 사랑니 통증이 확 심해진 느낌, 있으셨나요? “아침엔 괜찮았는데 저녁 되니 ...

blog.naver.com → wisdom-tooth-pain-reason
[2026-02-22 23:55:11]   새 글: 충치 치료 후 어떤 수복이 좋을까? 인레이, 레진, 크라운 비교 분석

충치 치료는 끝났는데 의사 선생님이 갑자기 이렇게 말합니다. “레진으로 할 수도 있고요, 인레이도 가능...

blog.naver.com → crown-inlay-cavity
[2026-02-22 23:55:11]   새 글: 신경치료한 치아, 왜 약해질까? 크라운이 필요한 이유

신경치료를 받고 나면 “치아가 약해진다는 말” 많이 들어보셨죠? 근데 도대체 왜 약해지는 걸까요? 그리...

blog.naver.com → root-canal-crown-tooth
[2026-02-22 23:55:11]   새 글: 신경치료 후 통증... 이럴 때는 바로 확인이 필요합니다

신경치료를 받고 나면 “이 통증이 정상인지” “문제가 생긴 건지” 많이 걱정되셨죠. 특히 신경치료 후 ...

blog.naver.com → root-canal-pain-treatment
[2026-02-22 23:55:11]   새 글: 크라운이 높게 느껴진다면? 교합 조정이 필요한 신호입니다

크라운치료를 마쳤는데, 씹을 때마다 한쪽 치아만 먼저 닿는 느낌… 뭔가 계속 걸리는 듯한 이물감 때문에 ...

blog.naver.com → crown-tooth-treatment
[2026-02-22 23:55:11] HTML 추출 중...
[2026-02-22 23:55:11]   [1/24] HTML 추출: tooth-3739
[2026-02-22 23:55:14]     OK (70KB)
[2026-02-22 23:55:14]   [2/24] HTML 추출: gum-toothpaste
[2026-02-22 23:55:18]     OK (68KB)
[2026-02-22 23:55:18]   [3/24] HTML 추출: inlay-brushing-care
[2026-02-22 23:55:21]     OK (68KB)
[2026-02-22 23:55:21]   [4/24] HTML 추출: extraction-orthodontic
[2026-02-22 23:55:24]     OK (58KB)
[2026-02-22 23:55:24]   [5/24] HTML 추출: crown-gum-reason
[2026-02-22 23:55:27]     OK (70KB)
[2026-02-22 23:55:27]   [6/24] HTML 추출: root-canal-crown-treatment
[2026-02-22 23:55:30]     OK (70KB)
[2026-02-22 23:55:30]   [7/24] HTML 추출: root-canal-extraction-treatment
[2026-02-22 23:55:33]     OK (75KB)
[2026-02-22 23:55:33]   [8/24] HTML 추출: non-prep-veneer-코스-2일차-핵심정리-veneer-bonding-setting
[2026-02-22 23:55:36]     OK (96KB)
[2026-02-22 23:55:36]   [9/24] HTML 추출: scaling-cost-insurance
[2026-02-22 23:55:39]     OK (66KB)
[2026-02-22 23:55:39]   [10/24] HTML 추출: scaling-whitening-tooth
[2026-02-22 23:55:42]     OK (70KB)
[2026-02-22 23:55:42]   [11/24] HTML 추출: wisdom-tooth-gum-inflammation
[2026-02-22 23:55:45]     OK (71KB)
[2026-02-22 23:55:45]   [12/24] HTML 추출: cavity-tooth-brushing
[2026-02-22 23:55:48]     OK (50KB)
[2026-02-22 23:55:48]   [13/24] HTML 추출: gum
[2026-02-22 23:55:51]     OK (71KB)
[2026-02-22 23:55:51]   [14/24] HTML 추출: inlay-cavity-price
[2026-02-22 23:55:54]     OK (77KB)
[2026-02-22 23:55:54]   [15/24] HTML 추출: inlay-pain-treatment
[2026-02-22 23:55:57]     OK (80KB)
[2026-02-22 23:55:57]   [16/24] HTML 추출: front-teeth-1839
[2026-02-22 23:56:01]     OK (43KB)
[2026-02-22 23:56:01]   [17/24] HTML 추출: crown-lifespan-treatment
[2026-02-22 23:56:04]     OK (71KB)
[2026-02-22 23:56:04]   [18/24] HTML 추출: wisdom-tooth-extraction-recovery
[2026-02-22 23:56:07]     OK (77KB)
[2026-02-22 23:56:07]   [19/24] HTML 추출: wisdom-tooth-6688
[2026-02-22 23:56:10]     OK (73KB)
[2026-02-22 23:56:10]   [20/24] HTML 추출: wisdom-tooth-pain-reason
[2026-02-22 23:56:13]     OK (62KB)
[2026-02-22 23:56:13]   [21/24] HTML 추출: crown-inlay-cavity
[2026-02-22 23:56:16]     OK (72KB)
[2026-02-22 23:56:16]   [22/24] HTML 추출: root-canal-crown-tooth
[2026-02-22 23:56:19]     OK (81KB)
[2026-02-22 23:56:19]   [23/24] HTML 추출: root-canal-pain-treatment
[2026-02-22 23:56:22]     OK (69KB)
[2026-02-22 23:56:22]   [24/24] HTML 추출: crown-tooth-treatment
[2026-02-22 23:56:25]     OK (65KB)
[2026-02-22 23:56:25] 태그 추출 중...
[2026-02-22 23:57:04] 포스트 생성 중...
[2026-02-22 23:57:05]   생성 완료: tooth-3739
[2026-02-22 23:57:07]   생성 완료: gum-toothpaste
[2026-02-22 23:57:08]   생성 완료: inlay-brushing-care
[2026-02-22 23:57:08]   생성 완료: extraction-orthodontic
[2026-02-22 23:57:09]   생성 완료: crown-gum-reason
[2026-02-22 23:57:09]   생성 완료: root-canal-crown-treatment
[2026-02-22 23:57:10]   생성 완료: root-canal-extraction-treatment
[2026-02-22 23:57:11]   생성 완료: non-prep-veneer-코스-2일차-핵심정리-veneer-bonding-setting
[2026-02-22 23:57:11]   생성 완료: scaling-cost-insurance
[2026-02-22 23:57:12]   생성 완료: scaling-whitening-tooth
[2026-02-22 23:57:12]   생성 완료: wisdom-tooth-gum-inflammation
[2026-02-22 23:57:13]   생성 완료: cavity-tooth-brushing
[2026-02-22 23:57:14]   생성 완료: gum
[2026-02-22 23:57:15]   생성 완료: inlay-cavity-price
[2026-02-22 23:57:15]   생성 완료: inlay-pain-treatment
[2026-02-22 23:57:16]   생성 완료: front-teeth-1839
[2026-02-22 23:57:17]   생성 완료: crown-lifespan-treatment
[2026-02-22 23:57:18]   생성 완료: wisdom-tooth-extraction-recovery
[2026-02-22 23:57:19]   생성 완료: wisdom-tooth-6688
[2026-02-22 23:57:20]   생성 완료: wisdom-tooth-pain-reason
[2026-02-22 23:57:21]   생성 완료: crown-inlay-cavity
[2026-02-22 23:57:21]   생성 완료: root-canal-crown-tooth
[2026-02-22 23:57:28]   생성 완료: root-canal-pain-treatment
[2026-02-22 23:57:29]   생성 완료: crown-tooth-treatment
[2026-02-22 23:57:29] 
24개 새 글 생성 완료. Git push 중...
[2026-02-22 23:57:33] Git push 완료 (24개 새 글)
[2026-02-22 23:57:33] 동기화 완료!
[2026-02-22 23:57:33] ==================================================
[2026-02-23 00:13:40] ==================================================
[2026-02-23 00:13:40] 네이버 블로그 동기화 시작
[2026-02-23 00:13:40] 기존 글: 107개
[2026-02-23 00:13:40] 기존 logNo: 9개, 기존 제목: 94개
[2026-02-23 00:13:40] 네이버 블로그 글 목록 가져오는 중...
[2026-02-23 00:13:53] 네이버 전체 글: 93개
[2026-02-23 00:13:53] 새 글: 0개
[2026-02-23 00:13:53] 새 글 없음. 종료.
[2026-02-25 23:43:45] ==================================================
[2026-02-25 23:43:45] 네이버 블로그 동기화 시작
[2026-02-25 23:43:45] 기존 글: 93개
[2026-02-25 23:43:45] 기존 logNo: 0개, 기존 제목: 93개
[2026-02-25 23:43:45] 네이버 블로그 글 목록 가져오는 중...
[2026-02-25 23:43:59] 네이버 전체 글: 93개
[2026-02-25 23:43:59] 새 글: 0개
[2026-02-25 23:43:59] 새 글 없음. 종료.
[2026-02-26 21:52:17] ==================================================
[2026-02-26 21:52:17] 네이버 블로그 동기화 시작
[2026-02-26 21:52:17] 기존 글: 93개
[2026-02-26 21:52:17] 기존 logNo: 0개, 기존 제목: 93개
[2026-02-26 21:52:17] 네이버 블로그 글 목록 가져오는 중...
[2026-02-26 21:52:31] 네이버 전체 글: 95개
[2026-02-26 21:52:31] 새 글: 2개
[2026-02-26 21:52:31]   새 글: 치약 불소 효과 있을까? 충치 예방, 진짜 되는지 따져봤습니다 → cavity-toothpaste-fluoride
[2026-02-26 21:52:31]   새 글: 투스젬, 해도 문제 없을까? 치과의사가 생각하는 현실적인 3가지 문제점 → dental
[2026-02-26 21:52:31] HTML 추출 중...
[2026-02-26 21:52:31]   [1/2] HTML 추출: cavity-toothpaste-fluoride
[2026-02-26 21:52:35]     날짜: 2026-02-22
[2026-02-26 21:52:35]     OK (68KB)
[2026-02-26 21:52:35]   [2/2] HTML 추출: dental
[2026-02-26 21:52:38]     날짜: 2026-02-22
[2026-02-26 21:52:38]     OK (70KB)
[2026-02-26 21:52:38]   날짜 보정: 치약 불소 효과 있을까? 충치 예방, 진짜 되는지 따져봤습니다 (2026-02-26 → 2026-02-22)
[2026-02-26 21:52:38]   날짜 보정: 투스젬, 해도 문제 없을까? 치과의사가 생각하는 현실적인 3가지 문제점 (2026-02-26 → 2026-02-22)
[2026-02-26 21:52:38] 태그 추출 중...
[2026-02-26 21:52:41] 포스트 생성 중...
[2026-02-26 21:52:42]   생성 완료: cavity-toothpaste-fluoride
[2026-02-26 21:52:44]   생성 완료: dental
[2026-02-26 21:52:44] 
2개 새 글 생성 완료. Git push 중...
[2026-02-26 21:52:48] Git push 완료 (2개 새 글)
[2026-02-26 21:52:48] 동기화 완료!
[2026-02-26 21:52:48] ==================================================
[2026-02-26 23:27:31] ==================================================
[2026-02-26 23:27:31] 네이버 블로그 동기화 시작
[2026-02-26 23:27:31] 기존 글: 95개
[2026-02-26 23:27:31] 기존 logNo: 0개, 기존 제목: 95개
[2026-02-26 23:27:31] 네이버 블로그 글 목록 가져오는 중...
[2026-02-26 23:27:44] 네이버 전체 글: 95개
[2026-02-26 23:27:44] 새 글: 0개
[2026-02-26 23:27:44] 새 글 없음. 종료.
[2026-02-26 23:30:54] ==================================================
[2026-02-26 23:30:54] 네이버 블로그 동기화 시작
[2026-02-26 23:30:54] 기존 글: 95개
[2026-02-26 23:30:54] 기존 logNo: 0개, 기존 제목: 95개
[2026-02-26 23:30:54] 네이버 블로그 글 목록 가져오는 중...
[2026-02-26 23:31:06] 네이버 전체 글: 95개
[2026-02-26 23:31:06] 새 글: 0개
[2026-02-26 23:31:06] 새 글 없음. 종료.
[2026-02-27 17:00:30] ==================================================
[2026-02-27 17:00:30] 네이버 블로그 동기화 시작
[2026-02-27 17:00:30] 기존 글: 95개
[2026-02-27 17:00:30] 기존 logNo: 0개, 기존 제목: 95개
[2026-02-27 17:00:30] 네이버 블로그 글 목록 가져오는 중...
[2026-02-27 17:00:43] 네이버 전체 글: 95개
[2026-02-27 17:00:43] 새 글: 0개
[2026-02-27 17:00:43] 새 글 없음. 종료.
[2026-02-28 17:13:34] ==================================================
[2026-02-28 17:13:34] 네이버 블로그 동기화 시작
[2026-02-28 17:13:34] 기존 글: 95개
[2026-02-28 17:13:34] 기존 logNo: 0개, 기존 제목: 95개
[2026-02-28 17:13:34] 네이버 블로그 글 목록 가져오는 중...
[2026-02-28 17:13:47] 네이버 전체 글: 96개
[2026-02-28 17:13:47] 새 글: 1개
[2026-02-28 17:13:47]   새 글: 실란트 했는데 충치 생길거면 왜 해야되나요? 이유를 설명해드립니다 → cavity-reason
[2026-02-28 17:13:47] HTML 추출 중...
[2026-02-28 17:13:48]   [1/1] HTML 추출: cavity-reason
[2026-02-28 17:13:51]     OK (67KB)
[2026-02-28 17:13:51] 태그 추출 중...
[2026-02-28 17:13:53] 포스트 생성 중...
[2026-02-28 17:13:56]   생성 완료: cavity-reason
[2026-02-28 17:13:56] 
1개 새 글 생성 완료. Git push 중...
[2026-02-28 17:13:59] Git push 완료 (1개 새 글)
[2026-02-28 17:13:59] 동기화 완료!
[2026-02-28 17:13:59] ==================================================
[2026-03-01 17:00:14] ==================================================
[2026-03-01 17:00:14] 네이버 블로그 동기화 시작
[2026-03-01 17:00:14] 기존 글: 96개
[2026-03-01 17:00:14] 기존 logNo: 0개, 기존 제목: 96개
[2026-03-01 17:00:14] 네이버 블로그 글 목록 가져오는 중...
[2026-03-01 17:00:27] 네이버 전체 글: 96개
[2026-03-01 17:00:27] 새 글: 0개
[2026-03-01 17:00:27] 새 글 없음. 종료.
[2026-03-02 17:13:31] ==================================================
[2026-03-02 17:13:31] 네이버 블로그 동기화 시작
[2026-03-02 17:13:31] 기존 글: 96개
[2026-03-02 17:13:31] 기존 logNo: 0개, 기존 제목: 96개
[2026-03-02 17:13:31] 네이버 블로그 글 목록 가져오는 중...
[2026-03-02 17:13:45] 네이버 전체 글: 96개
[2026-03-02 17:13:45] 새 글: 0개
[2026-03-02 17:13:45] 새 글 없음. 종료.
[2026-03-08 17:42:22] ==================================================
[2026-03-08 17:42:22] 네이버 블로그 동기화 시작
[2026-03-08 17:42:22] 기존 글: 96개
[2026-03-08 17:42:22] 기존 logNo: 0개, 기존 제목: 96개
[2026-03-08 17:42:22] 네이버 블로그 글 목록 가져오는 중...
[2026-03-08 17:42:39] 네이버 전체 글: 98개
[2026-03-08 17:42:39] 새 글: 2개
[2026-03-08 17:42:39]   새 글: 치아주변 고름이나 잇몸부종 있다면? 지금 신경치료가 필요할 수 있어요 → root-canal-gum-tooth
[2026-03-08 17:42:39]   새 글: 크라운 했는데 시리거나 아프다면?정상 반응과 문제 신호 구분법 → crown-6206
[2026-03-08 17:42:39] HTML 추출 중...
[2026-03-08 17:42:40]   [1/2] HTML 추출: root-canal-gum-tooth
[2026-03-08 17:42:43]     날짜: 2026-03-07
[2026-03-08 17:42:43]     OK (72KB)
[2026-03-08 17:42:43]   [2/2] HTML 추출: crown-6206
[2026-03-08 17:42:46]     날짜: 2026-03-04
[2026-03-08 17:42:46]     OK (91KB)
[2026-03-08 17:42:46] 태그 추출 중...
[2026-03-08 17:42:50] 포스트 생성 중...
[2026-03-08 17:42:51]   생성 완료: root-canal-gum-tooth
[2026-03-08 17:42:52]   생성 완료: crown-6206
[2026-03-08 17:42:52] 
2개 새 글 생성 완료. Git push 중...
[2026-03-08 17:42:56] Git push 완료 (2개 새 글)
[2026-03-08 17:42:56] 동기화 완료!
[2026-03-08 17:42:56] ==================================================
[2026-03-20 01:19:54] ==================================================
[2026-03-20 01:19:54] 네이버 블로그 동기화 시작
[2026-03-20 01:19:54] 기존 글: 98개
[2026-03-20 01:19:54] 기존 logNo: 0개, 기존 제목: 98개
[2026-03-20 01:19:54] 네이버 블로그 글 목록 가져오는 중...
[2026-03-20 01:20:11] 네이버 전체 글: 106개
[2026-03-20 01:20:11] 새 글: 8개
[2026-03-20 01:20:11]   새 글: 인비절라인 치료기간은 얼마나 걸릴까? 실제로 달라지는 요소들 → duration-treatment
[2026-03-20 01:20:11]   새 글: 무불소 치약만으로 충분할까? 장단점과 선택 기준 → toothpaste-fluoride
[2026-03-20 01:20:11]   새 글: 라미네이트 색상, 어떻게 고를까? ‘티 안 나는 자연스러움’의 기준 → laminate-5427
[2026-03-20 01:20:11]   새 글: 레진빌드업 후 시리다면? 정상 범위와 확인해야 할 점 → resin-after
[2026-03-20 01:20:11]   새 글: 신경치료 전에 꼭 해야 할 검사, 이것이 성공률을 좌우합니다 → root-canal-treatment-before
[2026-03-20 01:20:11]   새 글: 사랑니 발치 후 하얀 막처럼 보인다면? 정상 회복과 내원 신호 → wisdom-tooth-extraction-recovery
[2026-03-20 01:20:11]   새 글: 앞니 보철이나 임플란트 계획 중이라면... 투스젬 제거 먼저 해야 할까? → implant-prosthesis-front-teeth
[2026-03-20 01:20:11]   새 글: 예전 인레이, 오래됐다면 교체해야 할까? 체크포인트는 이것 → inlay-before
[2026-03-20 01:20:11] HTML 추출 중...
[2026-03-20 01:20:14]   [1/8] HTML 추출: duration-treatment
[2026-03-20 01:20:19]     OK (76KB)
[2026-03-20 01:20:19]   [2/8] HTML 추출: toothpaste-fluoride
[2026-03-20 01:20:22]     날짜: 2026-03-17
[2026-03-20 01:20:22]     OK (73KB)
[2026-03-20 01:20:22]   [3/8] HTML 추출: laminate-5427
[2026-03-20 01:20:26]     날짜: 2026-03-16
[2026-03-20 01:20:26]     OK (74KB)
[2026-03-20 01:20:26]   [4/8] HTML 추출: resin-after
[2026-03-20 01:20:29]     날짜: 2026-03-13
[2026-03-20 01:20:29]     OK (76KB)
[2026-03-20 01:20:29]   [5/8] HTML 추출: root-canal-treatment-before
[2026-03-20 01:20:33]     날짜: 2026-03-12
[2026-03-20 01:20:33]     OK (73KB)
[2026-03-20 01:20:33]   [6/8] HTML 추출: wisdom-tooth-extraction-recovery
[2026-03-20 01:20:36]     날짜: 2026-03-11
[2026-03-20 01:20:36]     OK (74KB)
[2026-03-20 01:20:36]   [7/8] HTML 추출: implant-prosthesis-front-teeth
[2026-03-20 01:20:40]     날짜: 2026-03-10
[2026-03-20 01:20:40]     OK (66KB)
[2026-03-20 01:20:40]   [8/8] HTML 추출: inlay-before
[2026-03-20 01:20:43]     날짜: 2026-03-10
[2026-03-20 01:20:43]     OK (78KB)
[2026-03-20 01:20:43] 태그 추출 중...
[2026-03-20 01:20:58] 포스트 생성 중...
[2026-03-20 01:20:59]   생성 완료: duration-treatment
[2026-03-20 01:21:00]   생성 완료: toothpaste-fluoride
[2026-03-20 01:21:02]   생성 완료: laminate-5427
[2026-03-20 01:21:02]   생성 완료: resin-after
[2026-03-20 01:21:04]   생성 완료: root-canal-treatment-before
[2026-03-20 01:21:06]   생성 완료: wisdom-tooth-extraction-recovery
[2026-03-20 01:21:08]   생성 완료: implant-prosthesis-front-teeth
[2026-03-20 01:21:08]   생성 완료: inlay-before
[2026-03-20 01:21:08] 
8개 새 글 생성 완료. Git push 중...
[2026-03-20 01:21:14] Git push 완료 (8개 새 글)
[2026-03-20 01:21:14] 동기화 완료!
[2026-03-20 01:21:14] ==================================================
[2026-04-03 11:01:17] ==================================================
[2026-04-03 11:01:17] 네이버 블로그 동기화 시작
[2026-04-03 11:01:17] 기존 글: 106개
[2026-04-03 11:01:17] 기존 logNo: 0개, 기존 제목: 106개
[2026-04-03 11:01:17] 네이버 블로그 글 목록 가져오는 중...
[2026-04-03 11:01:34] 네이버 전체 글: 112개
[2026-04-03 11:01:34] 새 글: 6개
[2026-04-03 11:01:34]   새 글: 임플란트 비용, 병원마다 왜 다를까? 종류별 가격 차이가 생기는 이유 → implant-cost-price
[2026-04-03 11:01:34]   새 글: 충치 치료, 비용은 얼마나 들까? 레진, 인레이, 크라운 단계별 가격 정리 → crown-inlay-cavity
[2026-04-03 11:01:34]   새 글: 인레이, 크라운, 임플란트, 어떤 순서로 선택해야 할까? → implant-crown-inlay
[2026-04-03 11:01:34]   새 글: 양치할 때마다 피가 난다면... 잘못된 방법 때문일까요? → brushing-method
[2026-04-03 11:01:34]   새 글: 사랑니 때문에 옆 어금니 충치 생길 수 있을까? 실제로 가능한 경우 → wisdom-tooth-molar-cavity
[2026-04-03 11:01:34]   새 글: 크라운으로 씹을 때 아프다면? 조정이 필요한 대표적인 경우 → crown-5831
[2026-04-03 11:01:34] HTML 추출 중...
[2026-04-03 11:01:34]   [1/6] HTML 추출: implant-cost-price
[2026-04-03 11:01:38]     OK (84KB)
[2026-04-03 11:01:38]   [2/6] HTML 추출: crown-inlay-cavity
[2026-04-03 11:01:41]     날짜: 2026-03-30
[2026-04-03 11:01:41]     OK (75KB)
[2026-04-03 11:01:41]   [3/6] HTML 추출: implant-crown-inlay
[2026-04-03 11:01:44]     날짜: 2026-03-29
[2026-04-03 11:01:44]     OK (70KB)
[2026-04-03 11:01:44]   [4/6] HTML 추출: brushing-method
[2026-04-03 11:01:47]     날짜: 2026-03-25
[2026-04-03 11:01:47]     OK (79KB)
[2026-04-03 11:01:47]   [5/6] HTML 추출: wisdom-tooth-molar-cavity
[2026-04-03 11:01:50]     날짜: 2026-03-24
[2026-04-03 11:01:50]     OK (69KB)
[2026-04-03 11:01:50]   [6/6] HTML 추출: crown-5831
[2026-04-03 11:01:53]     날짜: 2026-03-22
[2026-04-03 11:01:53]     OK (75KB)
[2026-04-03 11:01:53] 태그 추출 중...
[2026-04-03 11:02:03] 포스트 생성 중...
[2026-04-03 11:02:04]   생성 완료: implant-cost-price
[2026-04-03 11:02:07]   생성 완료: crown-inlay-cavity
[2026-04-03 11:02:07]   생성 완료: implant-crown-inlay
[2026-04-03 11:02:08]   생성 완료: brushing-method
[2026-04-03 11:02:09]   생성 완료: wisdom-tooth-molar-cavity
[2026-04-03 11:02:11]   생성 완료: crown-5831
[2026-04-03 11:02:11] 
6개 새 글 생성 완료. Git push 중...
